TN:
SF:C:\Users\Lera\PMS\Angular-courses\Angular-courses\UI\src\polyfills.ts
FNF:0
FNH:0
LF:0
LH:0
BRF:0
BRH:0
end_of_record
TN:
SF:C:\Users\Lera\PMS\Angular-courses\Angular-courses\UI\src\test.ts
FNF:0
FNH:0
DA:13,1
DA:18,1
DA:20,1
LF:3
LH:3
BRF:0
BRH:0
end_of_record
TN:
SF:C:\Users\Lera\PMS\Angular-courses\Angular-courses\UI\src\app\app.component.ts
FN:16,(anonymous_0)
FNF:1
FNH:1
FNDA:1,(anonymous_0)
DA:12,1
DA:16,1
DA:17,1
LF:3
LH:3
BRF:0
BRH:0
end_of_record
TN:
SF:C:\Users\Lera\PMS\Angular-courses\Angular-courses\UI\src\app\modules\courses-page\courses-page.component.ts
FNF:0
FNH:0
DA:9,1
LF:1
LH:1
BRF:0
BRH:0
end_of_record
TN:
SF:C:\Users\Lera\PMS\Angular-courses\Angular-courses\UI\src\app\modules\courses-page\components\course-control-panel\course-control-panel.component.ts
FN:3,(anonymous_0)
FN:15,(anonymous_1)
FNF:2
FNH:2
FNDA:3,(anonymous_0)
FNDA:1,(anonymous_1)
DA:9,1
DA:11,3
DA:16,1
LF:3
LH:3
BRF:0
BRH:0
end_of_record
TN:
SF:C:\Users\Lera\PMS\Angular-courses\Angular-courses\UI\src\app\modules\courses-page\components\course-description\course-description.component.ts
FN:27,(anonymous_0)
FN:34,(anonymous_1)
FN:39,(anonymous_2)
FN:51,(anonymous_3)
FN:54,(anonymous_4)
FN:65,(anonymous_5)
FN:75,(anonymous_6)
FNF:7
FNH:0
FNDA:0,(anonymous_0)
FNDA:0,(anonymous_1)
FNDA:0,(anonymous_2)
FNDA:0,(anonymous_3)
FNDA:0,(anonymous_4)
FNDA:0,(anonymous_5)
FNDA:0,(anonymous_6)
DA:20,1
DA:22,1
DA:23,1
DA:25,0
DA:27,0
DA:28,0
DA:29,0
DA:30,0
DA:31,0
DA:32,0
DA:35,0
DA:36,0
DA:40,0
DA:41,0
DA:42,0
DA:43,0
DA:44,0
DA:46,0
DA:52,0
DA:53,0
DA:54,0
DA:55,0
DA:56,0
DA:58,0
DA:61,0
DA:66,0
DA:78,0
DA:79,0
DA:80,0
DA:81,0
LF:30
LH:3
BRDA:35,0,0,0
BRDA:35,0,1,0
BRDA:42,1,0,0
BRDA:42,1,1,0
BRDA:52,2,0,0
BRDA:52,2,1,0
BRDA:55,3,0,0
BRDA:55,3,1,0
BRF:8
BRH:0
end_of_record
TN:
SF:C:\Users\Lera\PMS\Angular-courses\Angular-courses\UI\src\app\modules\courses-page\components\course-description\course-authors\course-authors.component.ts
FNF:0
FNH:0
DA:9,1
LF:1
LH:1
BRF:0
BRH:0
end_of_record
TN:
SF:C:\Users\Lera\PMS\Angular-courses\Angular-courses\UI\src\app\modules\courses-page\components\course-description\course-date\course-date.component.ts
FNF:0
FNH:0
DA:10,1
DA:12,1
DA:13,1
LF:3
LH:3
BRF:0
BRH:0
end_of_record
TN:
SF:C:\Users\Lera\PMS\Angular-courses\Angular-courses\UI\src\app\modules\courses-page\components\course-description\course-duration\course-duration.component.ts
FN:15,(anonymous_0)
FNF:1
FNH:1
FNDA:3,(anonymous_0)
DA:10,1
DA:12,1
DA:13,1
DA:16,3
DA:17,3
LF:5
LH:5
BRF:0
BRH:0
end_of_record
TN:
SF:C:\Users\Lera\PMS\Angular-courses\Angular-courses\UI\src\app\modules\courses-page\components\course-list\course-list.component.ts
FN:23,(anonymous_0)
FN:29,(anonymous_1)
FN:34,(anonymous_2)
FN:38,(anonymous_3)
FN:43,(anonymous_4)
FN:45,(anonymous_5)
FN:56,(anonymous_6)
FN:58,(anonymous_7)
FNF:8
FNH:4
FNDA:9,(anonymous_0)
FNDA:4,(anonymous_1)
FNDA:0,(anonymous_2)
FNDA:3,(anonymous_3)
FNDA:0,(anonymous_4)
FNDA:0,(anonymous_5)
FNDA:0,(anonymous_6)
FNDA:6,(anonymous_7)
DA:17,1
DA:20,9
DA:21,9
DA:23,9
DA:24,9
DA:25,9
DA:26,9
DA:27,9
DA:30,4
DA:31,4
DA:35,0
DA:39,3
DA:40,3
DA:44,0
DA:45,0
DA:46,0
DA:47,0
DA:48,0
DA:49,0
DA:50,0
DA:52,0
DA:59,6
DA:60,6
LF:23
LH:14
BRDA:46,0,0,0
BRDA:46,0,1,0
BRF:2
BRH:0
end_of_record
TN:
SF:C:\Users\Lera\PMS\Angular-courses\Angular-courses\UI\src\app\modules\courses-page\components\course-list\course\course.component.ts
FN:4,(anonymous_0)
FN:15,(anonymous_1)
FNF:2
FNH:2
FNDA:10,(anonymous_0)
FNDA:1,(anonymous_1)
DA:10,1
DA:12,1
DA:13,10
DA:16,1
LF:4
LH:4
BRF:0
BRH:0
end_of_record
TN:
SF:C:\Users\Lera\PMS\Angular-courses\Angular-courses\UI\src\app\modules\courses-page\directives\course-plate-border.directive.ts
FN:20,(anonymous_0)
FN:24,(anonymous_1)
FN:28,(anonymous_2)
FNF:3
FNH:3
FNDA:3,(anonymous_0)
FNDA:3,(anonymous_1)
FNDA:3,(anonymous_2)
DA:6,1
DA:8,1
DA:10,3
DA:11,3
DA:15,3
DA:16,3
DA:18,3
DA:20,3
DA:21,3
DA:25,3
DA:29,3
DA:30,1
DA:31,1
DA:32,2
DA:33,1
DA:34,1
LF:16
LH:16
BRDA:29,0,0,1
BRDA:29,0,1,2
BRDA:29,1,0,3
BRDA:29,1,1,2
BRDA:32,2,0,1
BRDA:32,2,1,1
BRF:6
BRH:6
end_of_record
TN:
SF:C:\Users\Lera\PMS\Angular-courses\Angular-courses\UI\src\app\modules\courses-page\directives\hourglass.directive.ts
FN:10,(anonymous_0)
FN:13,(anonymous_1)
FNF:2
FNH:2
FNDA:3,(anonymous_0)
FNDA:3,(anonymous_1)
DA:6,1
DA:8,3
DA:10,3
DA:11,3
DA:13,1
DA:14,3
DA:15,2
LF:7
LH:7
BRDA:14,0,0,2
BRDA:14,0,1,1
BRF:2
BRH:2
end_of_record
TN:
SF:C:\Users\Lera\PMS\Angular-courses\Angular-courses\UI\src\app\modules\courses-page\models\course.ts
FN:16,(anonymous_0)
FNF:1
FNH:1
FNDA:59,(anonymous_0)
DA:5,1
DA:18,59
DA:19,59
DA:20,59
DA:21,59
DA:22,59
DA:23,59
LF:7
LH:7
BRDA:16,0,0,1
BRDA:16,1,0,1
BRDA:16,2,0,6
BRDA:17,3,0,9
BRDA:17,4,0,12
BRDA:17,5,0,12
BRDA:20,6,0,50
BRDA:20,6,1,9
BRF:8
BRH:8
end_of_record
TN:
SF:C:\Users\Lera\PMS\Angular-courses\Angular-courses\UI\src\app\modules\courses-page\pipes\courses-order-by.pipe.ts
FN:8,(anonymous_0)
FN:11,(anonymous_1)
FN:15,(anonymous_2)
FN:19,(anonymous_3)
FN:23,(anonymous_4)
FNF:5
FNH:3
FNDA:21,(anonymous_0)
FNDA:60,(anonymous_1)
FNDA:0,(anonymous_2)
FNDA:0,(anonymous_3)
FNDA:52,(anonymous_4)
DA:7,1
DA:9,21
DA:10,20
DA:11,13
DA:12,60
DA:14,7
DA:15,0
DA:16,0
DA:18,7
DA:19,0
DA:20,0
DA:23,7
DA:24,52
DA:28,1
LF:14
LH:10
BRDA:9,0,0,20
BRDA:9,0,1,1
BRDA:10,1,0,13
BRDA:10,1,1,7
BRDA:14,2,0,0
BRDA:14,2,1,7
BRDA:18,3,0,0
BRDA:18,3,1,7
BRDA:20,4,0,0
BRDA:20,4,1,0
BRDA:24,5,0,26
BRDA:24,5,1,26
BRF:12
BRH:8
end_of_record
TN:
SF:C:\Users\Lera\PMS\Angular-courses\Angular-courses\UI\src\app\modules\courses-page\pipes\duration.pipe.ts
FN:9,(anonymous_0)
FN:11,(anonymous_1)
FNF:2
FNH:2
FNDA:1,(anonymous_0)
FNDA:6,(anonymous_1)
DA:7,1
DA:9,1
DA:12,6
DA:13,6
DA:14,6
DA:15,5
DA:16,5
DA:18,6
DA:19,6
LF:9
LH:9
BRDA:18,0,0,1
BRDA:18,0,1,5
BRDA:18,1,0,6
BRDA:18,1,1,3
BRDA:19,2,0,3
BRDA:19,2,1,3
BRF:6
BRH:6
end_of_record
TN:
SF:C:\Users\Lera\PMS\Angular-courses\Angular-courses\UI\src\app\modules\courses-page\pipes\search-courses.pipe.ts
FN:8,(anonymous_0)
FN:12,(anonymous_1)
FNF:2
FNH:2
FNDA:13,(anonymous_0)
FNDA:50,(anonymous_1)
DA:7,1
DA:9,13
DA:10,3
DA:12,10
DA:13,50
LF:5
LH:5
BRDA:9,0,0,3
BRDA:9,0,1,10
BRF:2
BRH:2
end_of_record
TN:
SF:C:\Users\Lera\PMS\Angular-courses\Angular-courses\UI\src\app\modules\login-page\login-page.component.ts
FN:12,(anonymous_0)
FN:17,(anonymous_1)
FNF:2
FNH:1
FNDA:3,(anonymous_0)
FNDA:0,(anonymous_1)
DA:10,1
DA:12,3
DA:18,0
LF:3
LH:2
BRF:0
BRH:0
end_of_record
TN:
SF:C:\Users\Lera\PMS\Angular-courses\Angular-courses\UI\src\app\modules\not-found-page\not-found-page.component.ts
FNF:0
FNH:0
DA:10,1
LF:1
LH:1
BRF:0
BRH:0
end_of_record
TN:
SF:C:\Users\Lera\PMS\Angular-courses\Angular-courses\UI\src\app\modules\shared\components\breadcrumbs\breadcrumbs.component.ts
FN:20,(anonymous_0)
FN:25,(anonymous_1)
FN:26,(anonymous_2)
FN:33,(anonymous_3)
FN:40,(anonymous_4)
FN:46,(anonymous_5)
FN:51,(anonymous_6)
FNF:7
FNH:3
FNDA:3,(anonymous_0)
FNDA:0,(anonymous_1)
FNDA:0,(anonymous_2)
FNDA:0,(anonymous_3)
FNDA:2,(anonymous_4)
FNDA:3,(anonymous_5)
FNDA:0,(anonymous_6)
DA:13,1
DA:20,3
DA:21,3
DA:22,3
DA:23,3
DA:26,0
DA:27,0
DA:28,0
DA:29,0
DA:32,0
DA:34,0
DA:35,0
DA:41,2
DA:42,1
DA:47,3
DA:48,0
DA:52,0
DA:53,0
DA:54,0
DA:55,0
LF:20
LH:8
BRDA:27,0,0,0
BRDA:27,0,1,0
BRDA:41,1,0,1
BRDA:41,1,1,1
BRDA:54,2,0,0
BRDA:54,2,1,0
BRF:6
BRH:2
end_of_record
TN:
SF:C:\Users\Lera\PMS\Angular-courses\Angular-courses\UI\src\app\modules\shared\components\confirmation-delete-modal\confirmation-delete-modal.component.ts
FN:3,(anonymous_0)
FN:13,(anonymous_1)
FNF:2
FNH:2
FNDA:5,(anonymous_0)
FNDA:2,(anonymous_1)
DA:9,1
DA:11,5
DA:14,2
LF:3
LH:3
BRF:0
BRH:0
end_of_record
TN:
SF:C:\Users\Lera\PMS\Angular-courses\Angular-courses\UI\src\app\modules\shared\components\confirmation-dont-save-modal\confirmation-dont-save-modal.component.ts
FN:3,(anonymous_0)
FN:13,(anonymous_1)
FNF:2
FNH:2
FNDA:5,(anonymous_0)
FNDA:2,(anonymous_1)
DA:9,1
DA:11,5
DA:14,2
LF:3
LH:3
BRF:0
BRH:0
end_of_record
TN:
SF:C:\Users\Lera\PMS\Angular-courses\Angular-courses\UI\src\app\modules\shared\components\footer\footer.component.ts
FNF:0
FNH:0
DA:9,1
LF:1
LH:1
BRF:0
BRH:0
end_of_record
TN:
SF:C:\Users\Lera\PMS\Angular-courses\Angular-courses\UI\src\app\modules\shared\components\header\header.component.ts
FN:16,(anonymous_0)
FN:19,(anonymous_1)
FN:21,(anonymous_2)
FN:28,(anonymous_3)
FNF:4
FNH:2
FNDA:1,(anonymous_0)
FNDA:0,(anonymous_1)
FNDA:0,(anonymous_2)
FNDA:1,(anonymous_3)
DA:11,1
DA:16,1
DA:17,1
DA:20,0
DA:22,0
DA:23,0
DA:29,1
LF:7
LH:4
BRF:0
BRH:0
end_of_record
TN:
SF:C:\Users\Lera\PMS\Angular-courses\Angular-courses\UI\src\app\modules\shared\components\login\login.component.ts
FN:14,(anonymous_0)
FN:16,(anonymous_1)
FN:20,(anonymous_2)
FNF:3
FNH:2
FNDA:5,(anonymous_0)
FNDA:0,(anonymous_1)
FNDA:1,(anonymous_2)
DA:10,1
DA:14,5
DA:17,0
DA:21,1
LF:4
LH:3
BRF:0
BRH:0
end_of_record
TN:
SF:C:\Users\Lera\PMS\Angular-courses\Angular-courses\UI\src\app\modules\shared\models\user.ts
FN:11,(anonymous_0)
FNF:1
FNH:1
FNDA:53,(anonymous_0)
DA:12,53
DA:13,53
DA:14,53
DA:15,53
DA:16,53
LF:5
LH:5
BRF:0
BRH:0
end_of_record
TN:
SF:C:\Users\Lera\PMS\Angular-courses\Angular-courses\UI\src\app\modules\shared\services\authorization.service.ts
FN:20,(anonymous_0)
FN:22,(anonymous_1)
FN:27,(anonymous_2)
FN:28,(anonymous_3)
FN:36,(anonymous_4)
FN:42,(anonymous_5)
FN:47,(anonymous_6)
FN:51,(anonymous_7)
FNF:8
FNH:5
FNDA:12,(anonymous_0)
FNDA:0,(anonymous_1)
FNDA:1,(anonymous_2)
FNDA:1,(anonymous_3)
FNDA:1,(anonymous_4)
FNDA:1,(anonymous_5)
FNDA:0,(anonymous_6)
FNDA:0,(anonymous_7)
DA:9,1
DA:12,12
DA:16,12
DA:17,12
DA:20,12
DA:23,0
DA:24,0
DA:28,1
DA:29,1
DA:30,1
DA:31,1
DA:32,1
DA:37,1
DA:38,1
DA:39,1
DA:43,1
DA:44,1
DA:48,0
DA:49,0
DA:50,0
DA:51,0
DA:52,0
LF:22
LH:15
BRDA:28,0,0,1
BRDA:28,0,1,1
BRDA:29,1,0,1
BRDA:29,1,1,0
BRDA:44,2,0,0
BRDA:44,2,1,1
BRDA:49,3,0,0
BRDA:49,3,1,0
BRDA:51,4,0,0
BRDA:51,4,1,0
BRDA:51,5,0,0
BRDA:51,5,1,0
BRF:12
BRH:4
end_of_record
TN:
SF:C:\Users\Lera\PMS\Angular-courses\Angular-courses\UI\src\app\modules\shared\services\courses.service.ts
FN:17,(anonymous_0)
FN:18,(anonymous_1)
FN:23,(anonymous_2)
FN:27,(anonymous_3)
FN:31,(anonymous_4)
FN:33,(anonymous_5)
FN:37,(anonymous_6)
FN:38,(anonymous_7)
FN:42,(anonymous_8)
FN:43,(anonymous_9)
FNF:10
FNH:6
FNDA:5,(anonymous_0)
FNDA:30,(anonymous_1)
FNDA:2,(anonymous_2)
FNDA:1,(anonymous_3)
FNDA:2,(anonymous_4)
FNDA:6,(anonymous_5)
FNDA:0,(anonymous_6)
FNDA:0,(anonymous_7)
FNDA:0,(anonymous_8)
FNDA:0,(anonymous_9)
DA:10,1
DA:12,5
DA:15,5
DA:18,5
DA:19,30
DA:24,2
DA:28,1
DA:32,2
DA:33,6
DA:38,0
DA:39,0
DA:43,0
DA:44,0
LF:13
LH:9
BRF:0
BRH:0
end_of_record
TN:
SF:C:\Users\Lera\PMS\Angular-courses\Angular-courses\UI\src\app\modules\shared\services\modal.service.ts
FN:8,(anonymous_0)
FN:12,(anonymous_1)
FN:16,(anonymous_2)
FN:20,(anonymous_3)
FN:31,(anonymous_4)
FNF:5
FNH:1
FNDA:7,(anonymous_0)
FNDA:0,(anonymous_1)
FNDA:0,(anonymous_2)
FNDA:0,(anonymous_3)
FNDA:0,(anonymous_4)
DA:6,1
DA:8,7
DA:9,7
DA:10,7
DA:13,0
DA:17,0
DA:21,0
DA:24,0
DA:26,0
DA:27,0
DA:28,0
DA:33,0
DA:34,0
LF:13
LH:4
BRF:0
BRH:0
end_of_record
